Consumer: Processed data/files/VzrebHBWRP.txt
Consumer: Processed data/files/NtVSTXMqRr.txt
Consumer: Processed data/files/KuFEfOcErH.txt
Consumer: Processed data/files/mOKRZKzGho.txt
Consumer: Processed data/files/iwvWPkKQZr.txt
Consumer: Processed data/files/aiRDLbrahS.txt
Consumer: Processed data/files/WKogMdbyNE.txt
Consumer: Processed data/files/lXalGPPJby.txt
Consumer: Processed data/files/NveZdROxME.txt
Consumer: Processed data/files/mCZbTGjTvd.txt
Consumer: Processed data/files/xTNZvneuyO.txt
Consumer: Processed data/files/TQyrysHhta.txt
Consumer: Processed data/files/YOsZgOlCSL.txt
Consumer: Processed data/files/UFfImLWQnR.txt
Consumer: Processed data/files/rSYZQnfrYM.txt
Consumer: Processed data/files/CWfnbQudga.txt
Consumer: Processed data/files/ecAHDzfjus.txt
Consumer: Processed data/files/qfaZVwgbXm.txt
Consumer: Processed data/files/oKviqdjxqq.txt
Consumer: Processed data/files/XExcZnEaER.txt
Consumer: Processed data/files/BWbvdOPLsp.txt
Consumer: Processed data/files/wWaKpedaTf.txt
Consumer: Processed data/files/IFOJsqdySi.txt
Consumer: Processed data/files/DiatZPYKXF.txt
Consumer: Processed data/files/hibcJOhFlD.txt
Consumer: Processed data/files/AhLpBYphyr.txt
Consumer: Processed data/files/tdHTROpbQG.txt
Consumer: Processed data/files/dCpMwlhQXO.txt
Consumer: Processed data/files/yrtMUvDNZw.txt
Consumer: Processed data/files/KixmYJKoWH.txt
Consumer: Processed data/files/UpbvyodVtt.txt
Consumer: Processed data/files/nIItwacoBl.txt
Consumer: Processed data/files/FEsownkkdT.txt
Consumer: Processed data/files/HkiqPAINUt.txt
Consumer: Processed data/files/CBkCPjccLG.txt
Consumer: Processed data/files/sNnocjINYH.txt
Consumer: Processed data/files/oyMaebhwTi.txt
Consumer: Processed data/files/fxRgqwgAnI.txt
Consumer: Processed data/files/wDPvNNkiMS.txt
Consumer: Processed data/files/RqFZJkPsht.txt
Consumer: Processed data/files/KFnglpGzDF.txt
Consumer: Processed data/files/LSBskAtjjZ.txt
Consumer: Processed data/files/mnBvxsfjqS.txt
Consumer: Processed data/files/sjpeVMhCTb.txt
Consumer: Processed data/files/lIgJugMkor.txt
Consumer: Processed data/files/ijoQgyCBQA.txt
Consumer: Processed data/files/fPRiMWPCOB.txt
Consumer: Processed data/files/agRvKviyqw.txt
Consumer: Processed data/files/VXsrYygDLz.txt
Consumer: Processed data/files/esgaxjLquN.txt
Consumer: Processed data/files/mCgeKdNqKU.txt
Consumer: Processed data/files/xsgQHfmPst.txt
Consumer: Processed data/files/LGWfewGYGV.txt
Consumer: Processed data/files/jcLgrFMIUa.txt
Consumer: Processed data/files/OGosSBxBTr.txt
Consumer: Processed data/files/uOEzcLOGRF.txt
Consumer: Processed data/files/SuqoBfBaij.txt
Consumer: Processed data/files/JUEHQczrId.txt
Consumer: Processed data/files/xLEKTjEsMo.txt
Consumer: Processed data/files/xiulUllNNc.txt
Consumer: Processed data/files/QCGaKvTiBa.txt
Consumer: Processed data/files/GpbeCgKndR.txt
Consumer: Processed data/files/ufMwavbwWu.txt
Consumer: Processed data/files/EKyHSDmDlg.txt
Consumer: Processed data/files/WwizlOYKKd.txt
Consumer: Processed data/files/XjSVVRPjzV.txt
Consumer: Processed data/files/hQlYXsYrhZ.txt
Consumer: Processed data/files/vnsNCAjSXD.txt
Consumer: Processed data/files/WazAlTBYYj.txt
Consumer: Processed data/files/AEiRxrSCUS.txt
Consumer: Processed data/files/broRqpQGIw.txt
Consumer: Processed data/files/qAekohMTdq.txt
Consumer: Processed data/files/jzKmWwUluL.txt
Consumer: Processed data/files/DHmNTOSijy.txt
Consumer: Processed data/files/YZHVCvaEmb.txt
Consumer: Processed data/files/qCKmsgkEIn.txt
Consumer: Processed data/files/DZflAgXtUg.txt
Consumer: Processed data/files/EFQorgCOGZ.txt
Consumer: Processed data/files/wdflowqPQF.txt
Consumer: Processed data/files/IlnKCRboXQ.txt
Consumer: Processed data/files/pAoAaSUtgW.txt
Consumer: Processed data/files/ilUSkBlLMx.txt
Consumer: Processed data/files/xluRGUdHaV.txt
Consumer: Processed data/files/YNCjyIYsBH.txt
Consumer: Processed data/files/oBkmAvEHQL.txt
Consumer: Processed data/files/uZSciwmHJB.txt
Consumer: Processed data/files/sEryRnFuAT.txt
Consumer: Processed data/files/woFdgNrwQA.txt
Consumer: Processed data/files/FdIHeujRUW.txt
Consumer: Processed data/files/nhLmyrmVLU.txt
Consumer: Processed data/files/QCTjZMXyth.txt
Consumer: Processed data/files/tNEGYkQAcr.txt
Consumer: Processed data/files/XRFIJNxtmh.txt
Consumer: Processed data/files/pqSLTDhnsI.txt
Consumer: Processed data/files/ZtxABPpqdz.txt
Consumer: Processed data/files/SUmnlNUVRX.txt
Consumer: Processed data/files/WLsUGaCWbB.txt
Consumer: Processed data/files/gQqhIRgWwG.txt
Consumer: Processed data/files/hCReziJYhs.txt
Consumer: Processed data/files/coSGFqYbHl.txt
Consumer: Processed data/files/OTCMhYcQDc.txt
Consumer: Processed data/files/oQhYTlIaBY.txt
Consumer: Processed data/files/luAPyJCdMd.txt
Consumer: Processed data/files/sjseCVcxsr.txt
Consumer: Processed data/files/LADFPWwmbl.txt
Consumer: Processed data/files/VIOLkdEecU.txt
Consumer: Processed data/files/DmbHSDjOLZ.txt
Consumer: Processed data/files/mpXnbyfmXC.txt
Consumer: Processed data/files/NmpPghwtuF.txt
Consumer: Processed data/files/dLPRiwlQUX.txt
Consumer: Processed data/files/YjTYVjhnvg.txt
Consumer: Processed data/files/jFpNScbjNm.txt
Consumer: Processed data/files/IREGFEhyxV.txt
Consumer: Processed data/files/xfTwEGWlYg.txt
Consumer: Processed data/files/lFqBSfnIdS.txt
Consumer: Processed data/files/zNPapWxIvr.txt
Consumer: Processed data/files/bScVpHVJjB.txt
Consumer: Processed data/files/UuiDOhQydi.txt
Consumer: Processed data/files/EgbhRTPgKb.txt
Consumer: Processed data/files/uHGcFoVgZR.txt
Consumer: Processed data/files/jRHRcqiGXz.txt
Consumer: Processed data/files/ZpVObkHoXN.txt
Consumer: Processed data/files/GmnxfSgQXI.txt
Consumer: Processed data/files/FbXhvWuYOc.txt
Consumer: Processed data/files/fBFuCiVvbs.txt
Consumer: Processed data/files/UvvdqYUgby.txt
Consumer: Processed data/files/AdshrvPzIv.txt
Consumer: Processed data/files/pyySWCSQBI.txt
Consumer: Processed data/files/mQYBsbxsHs.txt
Consumer: Processed data/files/qbmaMdkscJ.txt
Consumer: Processed data/files/CdWiNVGBIG.txt
Consumer: Processed data/files/AqyGVVFbKT.txt
Consumer: Processed data/files/KfXiTLHbrm.txt
Consumer: Processed data/files/eMhEAKzGrb.txt
Consumer: Processed data/files/OqtxFjJFCi.txt
Consumer: Processed data/files/deUoezzMAZ.txt
Consumer: Processed data/files/iJvTxhyCaE.txt
Consumer: Processed data/files/CjkmIwxIGZ.txt
Consumer: Processed data/files/VlSKwrYhjG.txt
Consumer: Processed data/files/IvngnWuoAL.txt
Consumer: Processed data/files/fuvQfmCwcX.txt
Consumer: Processed data/files/vdyeMzuHvp.txt
Consumer: Processed data/files/GTbSfYxtST.txt
Consumer: Processed data/files/bCxqvNIBIP.txt
Consumer: Processed data/files/OFzEJKRURl.txt
Consumer: Processed data/files/XaypkIYgiK.txt
Consumer: Processed data/files/TaHeureXlV.txt
Consumer: Processed data/files/iIVPTdVLAE.txt
Consumer: Processed data/files/UUluhioGeL.txt
Consumer: Processed data/files/DNNWysTTfO.txt
Consumer: Processed data/files/HxxrLieEdK.txt
Consumer: Processed data/files/tiiXgiHFFN.txt
Consumer: Processed data/files/pddZsdXAQn.txt
Consumer: Processed data/files/ujujQvCBWO.txt
Consumer: Processed data/files/rgOREcxqvg.txt
Consumer: Processed data/files/wBXjXHdLFj.txt
Consumer: Processed data/files/izDKPqzaHA.txt
Consumer: Processed data/files/EqXLDWMUVh.txt
Consumer: Processed data/files/LlohhTkEOy.txt
Consumer: Processed data/files/FdrjakNtVI.txt
Consumer: Processed data/files/WuUVElGIuV.txt
Consumer: Processed data/files/sXmCmsmaqC.txt
Consumer: Processed data/files/JOyTuEKZki.txt
Consumer: Processed data/files/QUiHgkCqtz.txt
Consumer: Processed data/files/PPjspBHXzs.txt
Consumer: Processed data/files/lSHPlMsfyX.txt
Consumer: Processed data/files/ClczuVrmkd.txt
Consumer: Processed data/files/aftAOborLT.txt
Consumer: Processed data/files/mnUVoifgqm.txt
Consumer: Processed data/files/BGkliRkhmO.txt
Consumer: Processed data/files/eumapDbhHH.txt
Consumer: Processed data/files/iMmKHKeIyO.txt
Consumer: Processed data/files/mFXYXiiBzT.txt
Consumer: Processed data/files/OGUUUjlvTb.txt
Consumer: Processed data/files/EobqKfesSC.txt
Consumer: Processed data/files/eNEnyOPMaj.txt
Consumer: Processed data/files/ItHfWkxUBi.txt
Consumer: Processed data/files/yuDXPEvGmS.txt
Consumer: Processed data/files/nhGdblRVnh.txt