Consumer: Processed data/files/NNRjykUCqj.txt
Consumer: Processed data/files/ZKCCiyJAXY.txt
Consumer: Processed data/files/aMiJLhObEo.txt
Consumer: Processed data/files/jhdLoJwGIQ.txt
Consumer: Processed data/files/QGpJVNyBLM.txt
Consumer: Processed data/files/eVxAknQTAW.txt
Consumer: Processed data/files/oYjuHpTthZ.txt
Consumer: Processed data/files/sWtZstYgKQ.txt
Consumer: Processed data/files/OxtkePAlnP.txt
Consumer: Processed data/files/JZjmYCAJZe.txt
Consumer: Processed data/files/hRFuTtZWpf.txt
Consumer: Processed data/files/imeOFarMHx.txt
Consumer: Processed data/files/iiHAByQKEU.txt
Consumer: Processed data/files/KaYwFMZNbN.txt
Consumer: Processed data/files/FqOJXmtYEx.txt
Consumer: Processed data/files/FOjfGOBdYw.txt
Consumer: Processed data/files/qXYLrVxhyN.txt
Consumer: Processed data/files/MjKSuhZWEC.txt
Consumer: Processed data/files/hBkzXOeRlH.txt
Consumer: Processed data/files/rXzHZmfJix.txt
Consumer: Processed data/files/AXCYGSUwiL.txt
Consumer: Processed data/files/IGPiQKLwLb.txt
Consumer: Processed data/files/xXVOwTfBnQ.txt
Consumer: Processed data/files/FNuIMcshhV.txt
Consumer: Processed data/files/YwGphrncWW.txt
Consumer: Processed data/files/zSkAhSzwKS.txt
Consumer: Processed data/files/yhuXNwKids.txt
Consumer: Processed data/files/KKZYQfgIWf.txt
Consumer: Processed data/files/hAjQyRufBu.txt
Consumer: Processed data/files/cmxxhrdrGl.txt
Consumer: Processed data/files/gWFRYCsyXo.txt
Consumer: Processed data/files/FVMuNLWNQJ.txt
Consumer: Processed data/files/TvLeXjekDr.txt
Consumer: Processed data/files/mWBwLQbiwZ.txt
Consumer: Processed data/files/WTKnnimVdu.txt
Consumer: Processed data/files/FGWBrxsYOI.txt
Consumer: Processed data/files/FxCZzunrJY.txt
Consumer: Processed data/files/xPKFiOSSnt.txt
Consumer: Processed data/files/IUHIQNRRjk.txt
Consumer: Processed data/files/iIwKRbehtH.txt
Consumer: Processed data/files/AdZiuwFSKk.txt
Consumer: Processed data/files/WoKPfsXqXA.txt
Consumer: Processed data/files/inUHOCFQPn.txt
Consumer: Processed data/files/dPkolJuCNI.txt
Consumer: Processed data/files/vionwxQbJF.txt
Consumer: Processed data/files/ckXhuadEqM.txt
Consumer: Processed data/files/HdhvngStWA.txt
Consumer: Processed data/files/yNorgUYNoX.txt
Consumer: Processed data/files/nDILKgjGas.txt
Consumer: Processed data/files/lXUbaOKaIe.txt
Consumer: Processed data/files/cyzLibkJDR.txt
Consumer: Processed data/files/bEmgqbBgVP.txt
Consumer: Processed data/files/JuumgqJMyN.txt
Consumer: Processed data/files/mMtbqaQqkT.txt
Consumer: Processed data/files/UPPfdfSzJx.txt
Consumer: Processed data/files/yJbluCUOyD.txt
Consumer: Processed data/files/dgClRRfcIV.txt
Consumer: Processed data/files/XKlsvkpdOt.txt
Consumer: Processed data/files/IwngCAouNS.txt
Consumer: Processed data/files/ppWBqMOYkU.txt
Consumer: Processed data/files/FaNtXsowaG.txt
Consumer: Processed data/files/SMGGvRjCFE.txt
Consumer: Processed data/files/KZvSgXiVvE.txt
Consumer: Processed data/files/cMvsDKLFSi.txt
Consumer: Processed data/files/cYamfXeLXk.txt
Consumer: Processed data/files/XxZzANQUjH.txt
Consumer: Processed data/files/QtlBtVhaRU.txt
Consumer: Processed data/files/cyvCCPyfKN.txt
Consumer: Processed data/files/tkUusGExUh.txt
Consumer: Processed data/files/uRlMSlnuud.txt
Consumer: Processed data/files/SyWrHdQRAn.txt
Consumer: Processed data/files/KsFdKstCCa.txt
Consumer: Processed data/files/viWvCtuuUP.txt
Consumer: Processed data/files/UfmIZHQwXb.txt
Consumer: Processed data/files/WuqZKpJKtS.txt
Consumer: Processed data/files/RiPgodAlyz.txt
Consumer: Processed data/files/nmjVZeWjAW.txt
Consumer: Processed data/files/CMKbzjeiad.txt
Consumer: Processed data/files/VhMHVoEEva.txt
Consumer: Processed data/files/dalXZEyZXg.txt
Consumer: Processed data/files/COrNLNqEAl.txt
Consumer: Processed data/files/YosqLrnFZd.txt
Consumer: Processed data/files/dUTYMNNFZt.txt
Consumer: Processed data/files/zrLOKlAxtI.txt
Consumer: Processed data/files/TxLygmDpei.txt
Consumer: Processed data/files/DyiTnqRjGG.txt
Consumer: Processed data/files/nNuEepECmw.txt
Consumer: Processed data/files/KxdrBSKDuh.txt
Consumer: Processed data/files/EOqhrJhyDw.txt
Consumer: Processed data/files/iIgaSLokFa.txt
Consumer: Processed data/files/nzeoCsJvuj.txt
Consumer: Processed data/files/xufuVYzrar.txt
Consumer: Processed data/files/IQWZkNKRwK.txt
Consumer: Processed data/files/rPRnvtklqL.txt
Consumer: Processed data/files/bodAAsgnJs.txt
Consumer: Processed data/files/IeJhWCeCCV.txt
Consumer: Processed data/files/EmdivDITjv.txt
Consumer: Processed data/files/YtQIeSbtkj.txt
Consumer: Processed data/files/CBliJCNaok.txt
Consumer: Processed data/files/ZBvEAePXVx.txt
Consumer: Processed data/files/pJMWQxrclU.txt
Consumer: Processed data/files/wpkgLkhbGg.txt
Consumer: Processed data/files/wBdZtkAZdM.txt
Consumer: Processed data/files/UcvvEMAxBM.txt
Consumer: Processed data/files/wUTCnOeBAc.txt
Consumer: Processed data/files/GACVIryGoh.txt
Consumer: Processed data/files/WxYfyLLWkA.txt
Consumer: Processed data/files/LOAzoLxECL.txt
Consumer: Processed data/files/sjNYICsynt.txt
Consumer: Processed data/files/KtqFQfoQQs.txt
Consumer: Processed data/files/dgpSrTGZWb.txt
Consumer: Processed data/files/sFnWExDcoF.txt
Consumer: Processed data/files/DMjRnMGyIC.txt
Consumer: Processed data/files/HKQiztqLbe.txt
Consumer: Processed data/files/bRNySTpYxJ.txt
Consumer: Processed data/files/OWiFMvwVgT.txt
Consumer: Processed data/files/iNvqTIvPnQ.txt
Consumer: Processed data/files/lffwQwFsvJ.txt
Consumer: Processed data/files/cSnDoUOVqB.txt
Consumer: Processed data/files/GawpXWXHNN.txt
Consumer: Processed data/files/DLIejneFXg.txt
Consumer: Processed data/files/bLYLWtlTuz.txt
Consumer: Processed data/files/IqFNpOpfXs.txt
Consumer: Processed data/files/NCcKnbhMBe.txt
Consumer: Processed data/files/WouDogVDGQ.txt
Consumer: Processed data/files/rweXnAPZvT.txt
Consumer: Processed data/files/LQinbXcVty.txt
Consumer: Processed data/files/IcfLcmJBrK.txt
Consumer: Processed data/files/DGiFUycFPx.txt
Consumer: Processed data/files/TqvpRrNWwF.txt
Consumer: Processed data/files/sYtoILMoFU.txt
Consumer: Processed data/files/ddKieLyzwl.txt
Consumer: Processed data/files/ZWcMYskHcp.txt
Consumer: Processed data/files/sDgSxxLnia.txt
Consumer: Processed data/files/fxEbsGcAtV.txt
Consumer: Processed data/files/DCQaXjrRtk.txt
Consumer: Processed data/files/FxsyHtaAxY.txt
Consumer: Processed data/files/lBvQuFRQMG.txt
Consumer: Processed data/files/OSrlqHUSxR.txt
Consumer: Processed data/files/OIUdJAIrhU.txt
Consumer: Processed data/files/CfPvVjJyRw.txt
Consumer: Processed data/files/uRSABgfvDX.txt
Consumer: Processed data/files/XGepvbdPfe.txt
Consumer: Processed data/files/TDIOecveuR.txt
Consumer: Processed data/files/bWkHRzsWYy.txt
Consumer: Processed data/files/uhLlkdKfpu.txt
Consumer: Processed data/files/felQSphihg.txt
Consumer: Processed data/files/VLTJFtedKp.txt
Consumer: Processed data/files/DwQUcyUwTG.txt
Consumer: Processed data/files/LNASXzTVdv.txt
Consumer: Processed data/files/OqzccMpuff.txt
Consumer: Processed data/files/UVtNDaucqX.txt
Consumer: Processed data/files/ApYmKTQzWs.txt
Consumer: Processed data/files/IruMgPDPRG.txt
Consumer: Processed data/files/GTHdmQUrTE.txt
Consumer: Processed data/files/TtgcUVdvtx.txt
Consumer: Processed data/files/qIBkTutoJw.txt
Consumer: Processed data/files/awyJAyIIZH.txt
Consumer: Processed data/files/RtcGHHoreD.txt
Consumer: Processed data/files/qnItWBTRdC.txt
Consumer: Processed data/files/TTlpqWBekl.txt
Consumer: Processed data/files/AiJqJvgAnm.txt
Consumer: Processed data/files/pYYSdYyJjm.txt
Consumer: Processed data/files/USzcTMWiKH.txt
Consumer: Processed data/files/cgoICSkzHU.txt
Consumer: Processed data/files/gQaRIQVNTU.txt
Consumer: Processed data/files/oEFPDwRoBw.txt
Consumer: Processed data/files/qQrztgPcDH.txt
Consumer: Processed data/files/lWoxwJmFrr.txt
Consumer: Processed data/files/XRXRiGagHL.txt
Consumer: Processed data/files/ncbUIBCFTG.txt
Consumer: Processed data/files/UXvOxTpwct.txt
Consumer: Processed data/files/XAOvhsAyIk.txt
Consumer: Processed data/files/wlqxaTsXRK.txt
Consumer: Processed data/files/jPPDLtAGuM.txt
Consumer: Processed data/files/uIxRwGBkou.txt
Consumer: Processed data/files/FXkhNeKCro.txt
Consumer: Processed data/files/AWBaFLGoVY.txt
Consumer: Processed data/files/QMaOBrYpOl.txt
Consumer: Processed data/files/WFbPXmufjg.txt
Consumer: Processed data/files/seWtzqxpho.txt
Consumer: Processed data/files/jtuYZitssf.txt