Producer: Submitting data/files/fZQghjBBNQ.txt
Producer: Submitting data/files/KuFEfOcErH.txt
Producer: Submitting data/files/QZZnwwjvwX.txt
Producer: Submitting data/files/sWtZstYgKQ.txt
Producer: Submitting data/files/QhVijEsGxX.txt
Producer: Submitting data/files/aiRDLbrahS.txt
Producer: Submitting data/files/JZjmYCAJZe.txt
Producer: Submitting data/files/EuSVNhXrFT.txt
Producer: Submitting data/files/hRFuTtZWpf.txt
Producer: Submitting data/files/NveZdROxME.txt
Producer: Submitting data/files/USSCEZOLDO.txt
Producer: Submitting data/files/iiHAByQKEU.txt
Producer: Submitting data/files/xTNZvneuyO.txt
Producer: Submitting data/files/CBkCPjccLG.txt
Producer: Submitting data/files/TQyrysHhta.txt
Producer: Submitting data/files/TmXURDYRBt.txt
Producer: Submitting data/files/YOsZgOlCSL.txt
Producer: Submitting data/files/rJiJuNWxtu.txt
Producer: Submitting data/files/MjKSuhZWEC.txt
Producer: Submitting data/files/HmjXCxireB.txt
Producer: Submitting data/files/CWfnbQudga.txt
Producer: Submitting data/files/rXzHZmfJix.txt
Producer: Submitting data/files/AXCYGSUwiL.txt
Producer: Submitting data/files/qfaZVwgbXm.txt
Producer: Submitting data/files/IGPiQKLwLb.txt
Producer: Submitting data/files/oKviqdjxqq.txt
Producer: Submitting data/files/UhSjifHhgy.txt
Producer: Submitting data/files/FNuIMcshhV.txt
Producer: Submitting data/files/oRElvDKGah.txt
Producer: Submitting data/files/eFmUcofaRo.txt
Producer: Submitting data/files/wWaKpedaTf.txt
Producer: Submitting data/files/yhuXNwKids.txt
Producer: Submitting data/files/KKZYQfgIWf.txt
Producer: Submitting data/files/taKidpplqc.txt
Producer: Submitting data/files/hAjQyRufBu.txt
Producer: Submitting data/files/hibcJOhFlD.txt
Producer: Submitting data/files/cmxxhrdrGl.txt
Producer: Submitting data/files/GSiMIiCmlk.txt
Producer: Submitting data/files/tdHTROpbQG.txt
Producer: Submitting data/files/FVMuNLWNQJ.txt
Producer: Submitting data/files/dCpMwlhQXO.txt
Producer: Submitting data/files/TvLeXjekDr.txt
Producer: Submitting data/files/mWBwLQbiwZ.txt
Producer: Submitting data/files/KixmYJKoWH.txt
Producer: Submitting data/files/WInKhTUhBx.txt
Producer: Submitting data/files/FGWBrxsYOI.txt
Producer: Submitting data/files/nIItwacoBl.txt
Producer: Submitting data/files/NZiGOMoDZC.txt
Producer: Submitting data/files/xPKFiOSSnt.txt
Producer: Submitting data/files/HkiqPAINUt.txt
Producer: Submitting data/files/HzctuyOBsY.txt
Producer: Submitting data/files/FecQFlZyzw.txt
Producer: Submitting data/files/AdZiuwFSKk.txt
Producer: Submitting data/files/oyMaebhwTi.txt
Producer: Submitting data/files/fxRgqwgAnI.txt
Producer: Submitting data/files/wDPvNNkiMS.txt
Producer: Submitting data/files/kCqQpFPFxy.txt
Producer: Submitting data/files/RqFZJkPsht.txt
Producer: Submitting data/files/vionwxQbJF.txt
Producer: Submitting data/files/txtwsQjHvL.txt
Producer: Submitting data/files/LSBskAtjjZ.txt
Producer: Submitting data/files/llnXYuMAeN.txt
Producer: Submitting data/files/sjpeVMhCTb.txt
Producer: Submitting data/files/KJtYuXuECf.txt
Producer: Submitting data/files/nDILKgjGas.txt
Producer: Submitting data/files/iyWKRsLcMb.txt
Producer: Submitting data/files/lXUbaOKaIe.txt
Producer: Submitting data/files/wKovgDCocL.txt
Producer: Submitting data/files/agRvKviyqw.txt
Producer: Submitting data/files/oBuZJTGWnx.txt
Producer: Submitting data/files/KPmUACPFxr.txt
Producer: Submitting data/files/esgaxjLquN.txt
Producer: Submitting data/files/mMtbqaQqkT.txt
Producer: Submitting data/files/mCgeKdNqKU.txt
Producer: Submitting data/files/UPPfdfSzJx.txt
Producer: Submitting data/files/YwuyKZwAyX.txt
Producer: Submitting data/files/MnFXltKEkO.txt
Producer: Submitting data/files/MPlkeztRuC.txt
Producer: Submitting data/files/jcLgrFMIUa.txt
Producer: Submitting data/files/XKlsvkpdOt.txt
Producer: Submitting data/files/OGosSBxBTr.txt
Producer: Submitting data/files/uOEzcLOGRF.txt
Producer: Submitting data/files/ppWBqMOYkU.txt
Producer: Submitting data/files/rjeaIINbkE.txt
Producer: Submitting data/files/iJtIAshiqZ.txt
Producer: Submitting data/files/SMGGvRjCFE.txt
Producer: Submitting data/files/JUEHQczrId.txt
Producer: Submitting data/files/OKwgxPZNdO.txt
Producer: Submitting data/files/KZvSgXiVvE.txt
Producer: Submitting data/files/cMvsDKLFSi.txt
Producer: Submitting data/files/tKppCCJKUV.txt
Producer: Submitting data/files/xLEKTjEsMo.txt
Producer: Submitting data/files/cYamfXeLXk.txt
Producer: Submitting data/files/idOmgobsAw.txt
Producer: Submitting data/files/xiulUllNNc.txt
Producer: Submitting data/files/XxZzANQUjH.txt
Producer: Submitting data/files/PnezSjEOOH.txt
Producer: Submitting data/files/QCGaKvTiBa.txt
Producer: Submitting data/files/DTuBaUXnBG.txt
Producer: Submitting data/files/QtlBtVhaRU.txt
Producer: Submitting data/files/GpbeCgKndR.txt
Producer: Submitting data/files/VQaAOgBolQ.txt
Producer: Submitting data/files/cyvCCPyfKN.txt
Producer: Submitting data/files/bELcNSGuXn.txt
Producer: Submitting data/files/ufMwavbwWu.txt
Producer: Submitting data/files/tkUusGExUh.txt
Producer: Submitting data/files/EKyHSDmDlg.txt
Producer: Submitting data/files/ZDwusduMVP.txt
Producer: Submitting data/files/uRlMSlnuud.txt
Producer: Submitting data/files/WwizlOYKKd.txt
Producer: Submitting data/files/CLpuSisuvP.txt
Producer: Submitting data/files/XjSVVRPjzV.txt
Producer: Submitting data/files/FJgQUcbTBy.txt
Producer: Submitting data/files/SyWrHdQRAn.txt
Producer: Submitting data/files/hQlYXsYrhZ.txt
Producer: Submitting data/files/KsFdKstCCa.txt
Producer: Submitting data/files/VdEhbrtXpe.txt
Producer: Submitting data/files/vnsNCAjSXD.txt
Producer: Submitting data/files/viWvCtuuUP.txt
Producer: Submitting data/files/aQnfmYHYqQ.txt
Producer: Submitting data/files/UfmIZHQwXb.txt
Producer: Submitting data/files/WazAlTBYYj.txt
Producer: Submitting data/files/VrhhzaBsMx.txt
Producer: Submitting data/files/WuqZKpJKtS.txt
Producer: Submitting data/files/AEiRxrSCUS.txt
Producer: Submitting data/files/xQLHSLGUdX.txt
Producer: Submitting data/files/RiPgodAlyz.txt
Producer: Submitting data/files/broRqpQGIw.txt
Producer: Submitting data/files/qAekohMTdq.txt
Producer: Submitting data/files/mKpOcIzDXD.txt
Producer: Submitting data/files/nmjVZeWjAW.txt
Producer: Submitting data/files/jzKmWwUluL.txt
Producer: Submitting data/files/CMKbzjeiad.txt
Producer: Submitting data/files/ZgLWdtCHID.txt
Producer: Submitting data/files/csAbpxFGQf.txt
Producer: Submitting data/files/QMgSDdMwvv.txt
Producer: Submitting data/files/DHmNTOSijy.txt
Producer: Submitting data/files/VhMHVoEEva.txt
Producer: Submitting data/files/WMAEYWjKlR.txt
Producer: Submitting data/files/dalXZEyZXg.txt
Producer: Submitting data/files/YZHVCvaEmb.txt
Producer: Submitting data/files/mnZxMOlvJM.txt
Producer: Submitting data/files/COrNLNqEAl.txt
Producer: Submitting data/files/qCKmsgkEIn.txt
Producer: Submitting data/files/VkhuThRzWp.txt
Producer: Submitting data/files/DZflAgXtUg.txt
Producer: Submitting data/files/YosqLrnFZd.txt
Producer: Submitting data/files/WFXpHCQusj.txt
Producer: Submitting data/files/EFQorgCOGZ.txt
Producer: Submitting data/files/dUTYMNNFZt.txt
Producer: Submitting data/files/rpllXYzEiJ.txt
Producer: Submitting data/files/wdflowqPQF.txt
Producer: Submitting data/files/zrLOKlAxtI.txt
Producer: Submitting data/files/IlnKCRboXQ.txt
Producer: Submitting data/files/eJswoxfQzo.txt
Producer: Submitting data/files/TxLygmDpei.txt
Producer: Submitting data/files/pAoAaSUtgW.txt
Producer: Submitting data/files/BQGSrsEtnq.txt
Producer: Submitting data/files/DyiTnqRjGG.txt
Producer: Submitting data/files/VLgYRfTTuT.txt
Producer: Submitting data/files/ilUSkBlLMx.txt
Producer: Submitting data/files/nNuEepECmw.txt
Producer: Submitting data/files/xluRGUdHaV.txt
Producer: Submitting data/files/ZACBQjsJvC.txt
Producer: Submitting data/files/KxdrBSKDuh.txt
Producer: Submitting data/files/YNCjyIYsBH.txt
Producer: Submitting data/files/WyJCrhyFEo.txt
Producer: Submitting data/files/EOqhrJhyDw.txt
Producer: Submitting data/files/zKqMPsTGZM.txt
Producer: Submitting data/files/oBkmAvEHQL.txt
Producer: Submitting data/files/iIgaSLokFa.txt
Producer: Submitting data/files/uZSciwmHJB.txt
Producer: Submitting data/files/CdakEkEfTe.txt
Producer: Submitting data/files/nzeoCsJvuj.txt
Producer: Submitting data/files/jJTlTCuGte.txt
Producer: Submitting data/files/sEryRnFuAT.txt
Producer: Submitting data/files/WGuufJuPIF.txt
Producer: Submitting data/files/xufuVYzrar.txt
Producer: Submitting data/files/gNKhemgmIL.txt
Producer: Submitting data/files/woFdgNrwQA.txt
Producer: Submitting data/files/IQWZkNKRwK.txt
Producer: Submitting data/files/dtFabopfET.txt
Producer: Submitting data/files/GHZFCgVzdC.txt
Producer: Submitting data/files/KvHpuRiHhf.txt
Producer: Submitting data/files/kxUqXugfkF.txt
Producer: Submitting data/files/FdIHeujRUW.txt
Producer: Submitting data/files/itygKcyJtX.txt
Producer: Submitting data/files/rPRnvtklqL.txt
Producer: Submitting data/files/nhLmyrmVLU.txt
Producer: Submitting data/files/HLwbGqxcXT.txt
Producer: Submitting data/files/bodAAsgnJs.txt
Producer: Submitting data/files/QCTjZMXyth.txt
Producer: Submitting data/files/SYwiCdCtNw.txt
Producer: Submitting data/files/IeJhWCeCCV.txt
Producer: Submitting data/files/eWfQxSqfjb.txt
Producer: Submitting data/files/tNEGYkQAcr.txt
Producer: Submitting data/files/EmdivDITjv.txt
Producer: Submitting data/files/XRFIJNxtmh.txt
Producer: Submitting data/files/QCKcVXydmT.txt
Producer: Submitting data/files/YtQIeSbtkj.txt
Producer: Submitting data/files/pqSLTDhnsI.txt
Producer: Submitting data/files/NaGWwbMxza.txt
Producer: Submitting data/files/CBliJCNaok.txt
Producer: Submitting data/files/CijrXIvwxP.txt
Producer: Submitting data/files/ZtxABPpqdz.txt
Producer: Submitting data/files/ZBvEAePXVx.txt
Producer: Submitting data/files/SUmnlNUVRX.txt
Producer: Submitting data/files/zAUYXZtYKm.txt
Producer: Submitting data/files/pJMWQxrclU.txt
Producer: Submitting data/files/tBgdCRqxSe.txt
Producer: Submitting data/files/wpkgLkhbGg.txt
Producer: Submitting data/files/WLsUGaCWbB.txt
Producer: Submitting data/files/gQqhIRgWwG.txt
Producer: Submitting data/files/wBdZtkAZdM.txt
Producer: Submitting data/files/QqBuIyrttq.txt
Producer: Submitting data/files/hCReziJYhs.txt
Producer: Submitting data/files/coSGFqYbHl.txt
Producer: Submitting data/files/JMZBUqpAyP.txt
Producer: Submitting data/files/UcvvEMAxBM.txt
Producer: Submitting data/files/ZcAzPOCbyn.txt
Producer: Submitting data/files/wUTCnOeBAc.txt
Producer: Submitting data/files/OTCMhYcQDc.txt
Producer: Submitting data/files/GACVIryGoh.txt
Producer: Submitting data/files/oQhYTlIaBY.txt
Producer: Submitting data/files/LaNIUsubEb.txt
Producer: Submitting data/files/luAPyJCdMd.txt
Producer: Submitting data/files/BuuWFJCKJk.txt
Producer: Submitting data/files/sjseCVcxsr.txt
Producer: Submitting data/files/WxYfyLLWkA.txt
Producer: Submitting data/files/fMnLzwZLUC.txt
Producer: Submitting data/files/LADFPWwmbl.txt
Producer: Submitting data/files/muzkllntQf.txt
Producer: Submitting data/files/LOAzoLxECL.txt
Producer: Submitting data/files/sjNYICsynt.txt
Producer: Submitting data/files/AWBcPuVYWs.txt
Producer: Submitting data/files/VIOLkdEecU.txt
Producer: Submitting data/files/KtqFQfoQQs.txt
Producer: Submitting data/files/DmbHSDjOLZ.txt
Producer: Submitting data/files/gXluiRTNxv.txt
Producer: Submitting data/files/mpXnbyfmXC.txt
Producer: Submitting data/files/JqShOeVyfH.txt
Producer: Submitting data/files/dgpSrTGZWb.txt
Producer: Submitting data/files/jLCGClaZXf.txt
Producer: Submitting data/files/NmpPghwtuF.txt
Producer: Submitting data/files/sFnWExDcoF.txt
Producer: Submitting data/files/skbyITWDrk.txt
Producer: Submitting data/files/DMjRnMGyIC.txt
Producer: Submitting data/files/dLPRiwlQUX.txt
Producer: Submitting data/files/HKQiztqLbe.txt
Producer: Submitting data/files/VXbcQjathN.txt
Producer: Submitting data/files/bRNySTpYxJ.txt
Producer: Submitting data/files/qKfJoOADoc.txt
Producer: Submitting data/files/pnkrkMKRsw.txt
Producer: Submitting data/files/OWiFMvwVgT.txt
Producer: Submitting data/files/YjTYVjhnvg.txt
Producer: Submitting data/files/jFpNScbjNm.txt
Producer: Submitting data/files/iNvqTIvPnQ.txt
Producer: Submitting data/files/DLXbglYcLF.txt
Producer: Submitting data/files/lffwQwFsvJ.txt
Producer: Submitting data/files/IREGFEhyxV.txt
Producer: Submitting data/files/rKfAsVvbsM.txt
Producer: Submitting data/files/xfTwEGWlYg.txt
Producer: Submitting data/files/cSnDoUOVqB.txt
Producer: Submitting data/files/lFqBSfnIdS.txt
Producer: Submitting data/files/GawpXWXHNN.txt
Producer: Submitting data/files/XwUSsMoMcp.txt
Producer: Submitting data/files/zNPapWxIvr.txt
Producer: Submitting data/files/PECHImPStT.txt
Producer: Submitting data/files/bScVpHVJjB.txt
Producer: Submitting data/files/DLIejneFXg.txt
Producer: Submitting data/files/dcmfOrgBcK.txt
Producer: Submitting data/files/UuiDOhQydi.txt
Producer: Submitting data/files/bLYLWtlTuz.txt
Producer: Submitting data/files/VYHDtKezuq.txt
Producer: Submitting data/files/EgbhRTPgKb.txt
Producer: Submitting data/files/NZPpEFwSCj.txt
Producer: Submitting data/files/uHGcFoVgZR.txt
Producer: Submitting data/files/YeZkOBzDHd.txt
Producer: Submitting data/files/jRHRcqiGXz.txt
Producer: Submitting data/files/TeMHxDlRvo.txt
Producer: Submitting data/files/IqFNpOpfXs.txt
Producer: Submitting data/files/ZpVObkHoXN.txt
Producer: Submitting data/files/CvHgEhKFaA.txt
Producer: Submitting data/files/GmnxfSgQXI.txt
Producer: Submitting data/files/NCcKnbhMBe.txt
Producer: Submitting data/files/nNjvfLKlEm.txt
Producer: Submitting data/files/FbXhvWuYOc.txt
Producer: Submitting data/files/ueCHBIInqt.txt
Producer: Submitting data/files/fBFuCiVvbs.txt
Producer: Submitting data/files/WouDogVDGQ.txt
Producer: Submitting data/files/bHANowmrsU.txt
Producer: Submitting data/files/rweXnAPZvT.txt
Producer: Submitting data/files/UvvdqYUgby.txt
Producer: Submitting data/files/VAwuVkWtCX.txt
Producer: Submitting data/files/SdSjqsbCDO.txt
Producer: Submitting data/files/LQinbXcVty.txt
Producer: Submitting data/files/AdshrvPzIv.txt
Producer: Submitting data/files/FiqFpKCkmg.txt
Producer: Submitting data/files/aOllfRAtjq.txt
Producer: Submitting data/files/pyySWCSQBI.txt
Producer: Submitting data/files/mQYBsbxsHs.txt
Producer: Submitting data/files/IcfLcmJBrK.txt
Producer: Submitting data/files/DGiFUycFPx.txt
Producer: Submitting data/files/HRMuBjZXgx.txt
Producer: Submitting data/files/MEtHjZZNqI.txt
Producer: Submitting data/files/TqvpRrNWwF.txt
Producer: Submitting data/files/sYtoILMoFU.txt
Producer: Submitting data/files/qbmaMdkscJ.txt
Producer: Submitting data/files/QfhZpBguLL.txt
Producer: Submitting data/files/CdWiNVGBIG.txt
Producer: Submitting data/files/ddKieLyzwl.txt
Producer: Submitting data/files/GlnfiNPjan.txt
Producer: Submitting data/files/ZWcMYskHcp.txt
Producer: Submitting data/files/AqyGVVFbKT.txt
Producer: Submitting data/files/sDgSxxLnia.txt
Producer: Submitting data/files/bYFaElYvDR.txt
Producer: Submitting data/files/fxEbsGcAtV.txt
Producer: Submitting data/files/DCQaXjrRtk.txt
Producer: Submitting data/files/KfXiTLHbrm.txt
Producer: Submitting data/files/WsqLcNOsWD.txt
Producer: Submitting data/files/FxsyHtaAxY.txt
Producer: Submitting data/files/eMhEAKzGrb.txt
Producer: Submitting data/files/lBvQuFRQMG.txt
Producer: Submitting data/files/OqtxFjJFCi.txt
Producer: Submitting data/files/LTRkbpehjc.txt
Producer: Submitting data/files/deUoezzMAZ.txt
Producer: Submitting data/files/ZFFGUswacH.txt
Producer: Submitting data/files/OSrlqHUSxR.txt
Producer: Submitting data/files/SVIDTYwLAf.txt
Producer: Submitting data/files/iJvTxhyCaE.txt
Producer: Submitting data/files/ybmdXxXEzb.txt
Producer: Submitting data/files/CjkmIwxIGZ.txt
Producer: Submitting data/files/qAMApDBfzk.txt
Producer: Submitting data/files/OIUdJAIrhU.txt
Producer: Submitting data/files/VlSKwrYhjG.txt
Producer: Submitting data/files/pXdyMOOojz.txt
Producer: Submitting data/files/IvngnWuoAL.txt
Producer: Submitting data/files/olbzsiRpCR.txt
Producer: Submitting data/files/CfPvVjJyRw.txt
Producer: Submitting data/files/fuvQfmCwcX.txt
Producer: Submitting data/files/emMXduXKIH.txt
Producer: Submitting data/files/vdyeMzuHvp.txt
Producer: Submitting data/files/uRSABgfvDX.txt
Producer: Submitting data/files/GiaBbPZgrC.txt
Producer: Submitting data/files/XGepvbdPfe.txt
Producer: Submitting data/files/GTbSfYxtST.txt
Producer: Submitting data/files/hXOXsMExtm.txt
Producer: Submitting data/files/bCxqvNIBIP.txt
Producer: Submitting data/files/TDIOecveuR.txt
Producer: Submitting data/files/OFzEJKRURl.txt
Producer: Submitting data/files/XaypkIYgiK.txt
Producer: Submitting data/files/XDzWqobXHP.txt
Producer: Submitting data/files/CVkPnHfrQh.txt
Producer: Submitting data/files/bWkHRzsWYy.txt
Producer: Submitting data/files/TaHeureXlV.txt
Producer: Submitting data/files/NazAQxkhuF.txt
Producer: Submitting data/files/uhLlkdKfpu.txt
Producer: Submitting data/files/iIVPTdVLAE.txt
Producer: Submitting data/files/felQSphihg.txt
Producer: Submitting data/files/MVoZsCaDrL.txt
Producer: Submitting data/files/VLTJFtedKp.txt
Producer: Submitting data/files/UUluhioGeL.txt
Producer: Submitting data/files/PVDTkMvqtA.txt
Producer: Submitting data/files/DwQUcyUwTG.txt
Producer: Submitting data/files/PRCYRALumo.txt
Producer: Submitting data/files/LNASXzTVdv.txt
Producer: Submitting data/files/DNNWysTTfO.txt
Producer: Submitting data/files/OqzccMpuff.txt
Producer: Submitting data/files/mYZZHdoYPO.txt
Producer: Submitting data/files/UVtNDaucqX.txt
Producer: Submitting data/files/TIySpmdGGA.txt
Producer: Submitting data/files/ApYmKTQzWs.txt
Producer: Submitting data/files/FzLgBebaMz.txt
Producer: Submitting data/files/IruMgPDPRG.txt
Producer: Submitting data/files/HxxrLieEdK.txt
Producer: Submitting data/files/mGIgisTgsA.txt
Producer: Submitting data/files/GTHdmQUrTE.txt
Producer: Submitting data/files/tiiXgiHFFN.txt
Producer: Submitting data/files/TtgcUVdvtx.txt
Producer: Submitting data/files/pddZsdXAQn.txt
Producer: Submitting data/files/MdNMJxNBWv.txt
Producer: Submitting data/files/qIBkTutoJw.txt
Producer: Submitting data/files/ujujQvCBWO.txt
Producer: Submitting data/files/awyJAyIIZH.txt
Producer: Submitting data/files/gMidshfRlj.txt
Producer: Submitting data/files/rgOREcxqvg.txt
Producer: Submitting data/files/RtcGHHoreD.txt
Producer: Submitting data/files/wBXjXHdLFj.txt
Producer: Submitting data/files/AxfRCPTUEK.txt
Producer: Submitting data/files/izDKPqzaHA.txt
Producer: Submitting data/files/qnItWBTRdC.txt
Producer: Submitting data/files/TTlpqWBekl.txt
Producer: Submitting data/files/EqXLDWMUVh.txt
Producer: Submitting data/files/fjlxNdZDpo.txt
Producer: Submitting data/files/LlohhTkEOy.txt
Producer: Submitting data/files/ioJruIlmFy.txt
Producer: Submitting data/files/FdrjakNtVI.txt
Producer: Submitting data/files/QArSWHQnIf.txt
Producer: Submitting data/files/pQvOXDdPlb.txt
Producer: Submitting data/files/WuUVElGIuV.txt
Producer: Submitting data/files/AiJqJvgAnm.txt
Producer: Submitting data/files/sXmCmsmaqC.txt
Producer: Submitting data/files/pYYSdYyJjm.txt
Producer: Submitting data/files/JOyTuEKZki.txt
Producer: Submitting data/files/USzcTMWiKH.txt
Producer: Submitting data/files/QUiHgkCqtz.txt
Producer: Submitting data/files/cgoICSkzHU.txt
Producer: Submitting data/files/PPjspBHXzs.txt
Producer: Submitting data/files/lSHPlMsfyX.txt
Producer: Submitting data/files/gQaRIQVNTU.txt
Producer: Submitting data/files/ClczuVrmkd.txt
Producer: Submitting data/files/oEFPDwRoBw.txt
Producer: Submitting data/files/aftAOborLT.txt
Producer: Submitting data/files/qQrztgPcDH.txt
Producer: Submitting data/files/JEfAwvmYnh.txt
Producer: Submitting data/files/lWoxwJmFrr.txt
Producer: Submitting data/files/mnUVoifgqm.txt
Producer: Submitting data/files/XRXRiGagHL.txt
Producer: Submitting data/files/BGkliRkhmO.txt
Producer: Submitting data/files/ncbUIBCFTG.txt
Producer: Submitting data/files/eumapDbhHH.txt
Producer: Submitting data/files/kzxoIBOtQy.txt
Producer: Submitting data/files/iMmKHKeIyO.txt
Producer: Submitting data/files/UXvOxTpwct.txt
Producer: Submitting data/files/JsQvKXgdnW.txt
Producer: Submitting data/files/mFXYXiiBzT.txt
Producer: Submitting data/files/XAOvhsAyIk.txt
Producer: Submitting data/files/OGUUUjlvTb.txt
Producer: Submitting data/files/wlqxaTsXRK.txt
Producer: Submitting data/files/EobqKfesSC.txt
Producer: Submitting data/files/wlSgkEiODy.txt
Producer: Submitting data/files/jPPDLtAGuM.txt
Producer: Submitting data/files/uIxRwGBkou.txt
Producer: Submitting data/files/eGblIBhEXt.txt
Producer: Submitting data/files/FXkhNeKCro.txt
Producer: Submitting data/files/eNEnyOPMaj.txt
Producer: Submitting data/files/kCwGcnnqqq.txt
Producer: Submitting data/files/AWBaFLGoVY.txt
Producer: Submitting data/files/ItHfWkxUBi.txt
Producer: Submitting data/files/RfbsXzKEXG.txt
Producer: Submitting data/files/QMaOBrYpOl.txt
Producer: Submitting data/files/iquKlZEcLc.txt
Producer: Submitting data/files/WFbPXmufjg.txt
Producer: Submitting data/files/yuDXPEvGmS.txt
Producer: Submitting data/files/seWtzqxpho.txt
Producer: Submitting data/files/nZUlTNxliq.txt
Producer: Submitting data/files/nhGdblRVnh.txt
Producer: Submitting data/files/jtuYZitssf.txt
Producer: Submitting data/files/VWIhyoNuDP.txt
Producer: Submitting data/files/SeVFbKylob.txt
Producer: Submitting data/files/BBgLZDCrtC.txt
Producer: Submitting data/files/JQkoyjaPfT.txt
Producer: Submitting data/files/ZLcleKFPhI.txt
Producer: Submitting data/files/boZnTVnaUS.txt
Producer: Submitting data/files/XTEnCvmHIr.txt
Producer: Submitting data/files/MslvzbaXQP.txt
Producer: Submitting data/files/xMOusvwcVF.txt
Producer: Submitting data/files/DBxyUalIDW.txt
Producer: Submitting data/files/lUgQlrOuLZ.txt
Producer: Submitting data/files/rgaqwPpyQC.txt
Producer: Submitting data/files/ASTgLWrNZt.txt
Producer: Submitting data/files/YvDzTGgedM.txt
Producer: Submitting data/files/lZOtmRmyxB.txt
Producer: Submitting data/files/oXsUSagBfG.txt
Producer: Submitting data/files/keLIutarAM.txt
Producer: Submitting data/files/eMiQSKEXQl.txt
Producer: Submitting data/files/nPUFauqOea.txt
Producer: Submitting data/files/JHgqGMuJQw.txt
Producer: Submitting data/files/lUxWGertBl.txt
Producer: Submitting data/files/LfvGvUSVZf.txt
Producer: Submitting data/files/pIeaaJzYrL.txt
Producer: Submitting data/files/FhckHOXTly.txt
Producer: Submitting data/files/AtcatJsaWl.txt
Producer: Submitting data/files/NeRQUUEnWt.txt
Producer: Submitting data/files/QifFCuewDn.txt
Producer: Submitting data/files/JbJtKzhttB.txt
Producer: Submitting data/files/fBRjlDxhVp.txt
Producer: Submitting data/files/TVhasCKzFM.txt
Producer: Submitting data/files/LjWhEiTREL.txt
Producer: Submitting data/files/KBlFDphjae.txt
Producer: Submitting data/files/ZoqnrYvzLY.txt
Producer: Submitting data/files/jaeHbZdkmC.txt
Producer: Submitting data/files/KfRdrZIMmc.txt
Producer: Submitting data/files/zlpMGxtSQL.txt
Producer: Submitting data/files/RCrvaHhLae.txt
Producer: Submitting data/files/SKRsnQYrAL.txt
Producer: Submitting data/files/GPTTprSyZx.txt
Producer: Submitting data/files/LpuGXuCNkx.txt
Producer: Submitting data/files/xUdGafOBeP.txt
Producer: Submitting data/files/VUhunYCsVu.txt
Producer: Submitting data/files/mcbJHzBpJu.txt
Producer: Submitting data/files/JtwPVpULSP.txt
Producer: Submitting data/files/HIsMHiCAcH.txt
Producer: Submitting data/files/xcyfkaCdDX.txt
Producer: Submitting data/files/pTgAyYNuWN.txt
Producer: Submitting data/files/SRSkIkoLaa.txt
Producer: Submitting data/files/uUbAhwqwZZ.txt
Producer: Submitting data/files/kHEcNSYkGx.txt
Producer: Submitting data/files/THMbQrAnLj.txt
Producer: Submitting data/files/fGdxBdxNxj.txt
Producer: Submitting data/files/kossLAWgej.txt
Producer: Submitting data/files/KBCXWTewAF.txt
Producer: Submitting data/files/whEddfqQaM.txt
Producer: Submitting data/files/vxiAobBIQg.txt
Producer: Submitting data/files/jmjrhXuCNk.txt
Producer: Submitting data/files/tNDNFgziCT.txt
Producer: Submitting data/files/mbsCSYsTMS.txt
Producer: Submitting data/files/WNWJiOcZbv.txt
Producer: Submitting data/files/llFVtRvdfN.txt
Producer: Submitting data/files/iNSwCLyxBN.txt
Producer: Submitting data/files/LBrQsrWEPs.txt
Producer: Submitting data/files/CYezniLdAC.txt
Producer: Submitting data/files/XvcXKZlciS.txt
Producer: Submitting data/files/FAfAucyXev.txt
Producer: Submitting data/files/ZdhFCjatJh.txt
Producer: Submitting data/files/RYMIwAWmng.txt
Producer: Submitting data/files/KajfcLNDqt.txt
Producer: Submitting data/files/BrRVnNsjGu.txt
Producer: Submitting data/files/xeGtZWGpVz.txt
Producer: Submitting data/files/MZrjhaLSUV.txt
Producer: Submitting data/files/lBJuevRLvh.txt
Producer: Submitting data/files/jvrEMzWWsS.txt
Producer: Submitting data/files/qYKmnohVQi.txt
Producer: Submitting data/files/khAjCCJwpe.txt
Producer: Submitting data/files/ApYwQJUeIR.txt